2020-12-31 15:13:35.392 [http-nio-11224-exec-3] WARN  o.s.w.s.m.support.DefaultHandlerExceptionResolver - Resolved [org.springframework.http.converter.HttpMessageNotReadableException: JSON parse error: Cannot deserialize value of type `java.lang.Double` from String "asd": not a valid Double value; nested exception is com.fasterxml.jackson.databind.exc.InvalidFormatException: Cannot deserialize value of type `java.lang.Double` from String "asd": not a valid Double value
 at [Source: (PushbackInputStream); line: 1, column: 65] (through reference chain: com.jinguizi.bean.PageResult["maxNum"])]
2020-12-31 15:22:18.714 [http-nio-11224-exec-2] WARN  o.s.w.s.m.support.DefaultHandlerExceptionResolver - Resolved [org.springframework.http.converter.HttpMessageNotReadableException: JSON parse error: Cannot deserialize value of type `java.lang.Double` from String "asd": not a valid Double value; nested exception is com.fasterxml.jackson.databind.exc.InvalidFormatException: Cannot deserialize value of type `java.lang.Double` from String "asd": not a valid Double value
 at [Source: (PushbackInputStream); line: 1, column: 52] (through reference chain: com.jinguizi.bean.PageResult["minNum"])]
2020-12-31 15:22:35.016 [http-nio-11224-exec-5] WARN  o.s.w.s.m.support.DefaultHandlerExceptionResolver - Resolved [org.springframework.http.converter.HttpMessageNotReadableException: JSON parse error: Cannot deserialize value of type `java.lang.Double` from String "12a": not a valid Double value; nested exception is com.fasterxml.jackson.databind.exc.InvalidFormatException: Cannot deserialize value of type `java.lang.Double` from String "12a": not a valid Double value
 at [Source: (PushbackInputStream); line: 1, column: 64] (through reference chain: com.jinguizi.bean.PageResult["maxNum"])]
2020-12-31 15:22:40.767 [http-nio-11224-exec-6] WARN  o.s.w.s.m.support.DefaultHandlerExceptionResolver - Resolved [org.springframework.http.converter.HttpMessageNotReadableException: JSON parse error: Cannot deserialize value of type `java.lang.Double` from String "12a": not a valid Double value; nested exception is com.fasterxml.jackson.databind.exc.InvalidFormatException: Cannot deserialize value of type `java.lang.Double` from String "12a": not a valid Double value
 at [Source: (PushbackInputStream); line: 1, column: 64] (through reference chain: com.jinguizi.bean.PageResult["maxNum"])]
2020-12-31 15:24:01.300 [http-nio-11224-exec-2] WARN  o.s.w.s.m.support.DefaultHandlerExceptionResolver - Resolved [org.springframework.http.converter.HttpMessageNotReadableException: JSON parse error: Cannot deserialize value of type `java.lang.Double` from String "aa": not a valid Double value; nested exception is com.fasterxml.jackson.databind.exc.InvalidFormatException: Cannot deserialize value of type `java.lang.Double` from String "aa": not a valid Double value
 at [Source: (PushbackInputStream); line: 1, column: 52] (through reference chain: com.jinguizi.bean.PageResult["minNum"])]
2020-12-31 15:29:08.153 [http-nio-11224-exec-4] WARN  o.s.w.s.m.support.DefaultHandlerExceptionResolver - Resolved [org.springframework.http.converter.HttpMessageNotReadableException: JSON parse error: Cannot deserialize value of type `java.lang.Double` from String "as": not a valid Double value; nested exception is com.fasterxml.jackson.databind.exc.InvalidFormatException: Cannot deserialize value of type `java.lang.Double` from String "as": not a valid Double value
 at [Source: (PushbackInputStream); line: 1, column: 52] (through reference chain: com.jinguizi.bean.PageResult["minNum"])]
2020-12-31 15:30:18.188 [http-nio-11224-exec-1] WARN  o.s.w.s.m.support.DefaultHandlerExceptionResolver - Resolved [org.springframework.http.converter.HttpMessageNotReadableException: JSON parse error: Cannot deserialize value of type `java.lang.Double` from String "asddd": not a valid Double value; nested exception is com.fasterxml.jackson.databind.exc.InvalidFormatException: Cannot deserialize value of type `java.lang.Double` from String "asddd": not a valid Double value
 at [Source: (PushbackInputStream); line: 1, column: 52] (through reference chain: com.jinguizi.bean.PageResult["minNum"])]
2020-12-31 15:30:18.455 [http-nio-11224-exec-2] WARN  o.s.w.s.m.support.DefaultHandlerExceptionResolver - Resolved [org.springframework.http.converter.HttpMessageNotReadableException: JSON parse error: Cannot deserialize value of type `java.lang.Double` from String "dasfa": not a valid Double value; nested exception is com.fasterxml.jackson.databind.exc.InvalidFormatException: Cannot deserialize value of type `java.lang.Double` from String "dasfa": not a valid Double value
 at [Source: (PushbackInputStream); line: 1, column: 52] (through reference chain: com.jinguizi.bean.PageResult["minNum"])]
2020-12-31 15:31:42.512 [http-nio-11224-exec-1] WARN  o.s.w.s.m.support.DefaultHandlerExceptionResolver - Resolved [org.springframework.http.converter.HttpMessageNotReadableException: JSON parse error: Cannot deserialize value of type `java.lang.Double` from String "asd": not a valid Double value; nested exception is com.fasterxml.jackson.databind.exc.InvalidFormatException: Cannot deserialize value of type `java.lang.Double` from String "asd": not a valid Double value
 at [Source: (PushbackInputStream); line: 1, column: 52] (through reference chain: com.jinguizi.bean.PageResult["minNum"])]
2020-12-31 15:34:38.334 [http-nio-11224-exec-6] WARN  o.s.w.s.m.support.DefaultHandlerExceptionResolver - Resolved [org.springframework.http.converter.HttpMessageNotReadableException: JSON parse error: Cannot deserialize value of type `java.lang.Double` from String "a": not a valid Double value; nested exception is com.fasterxml.jackson.databind.exc.InvalidFormatException: Cannot deserialize value of type `java.lang.Double` from String "a": not a valid Double value
 at [Source: (PushbackInputStream); line: 1, column: 52] (through reference chain: com.jinguizi.bean.PageResult["minNum"])]
