2021-01-04 10:05:56.041 [main] INFO  com.jinguizi.UploadApp - Starting UploadApp on DESKTOP-84MN96N with PID 7636 (E:\jinguizi\uploading\target\classes started by 刘瓜儿 in E:\jinguizi\uploading)
2021-01-04 10:05:56.051 [main] INFO  com.jinguizi.UploadApp - No active profile set, falling back to default profiles: default
2021-01-04 10:05:57.401 [main] INFO  o.s.boot.web.embedded.tomcat.TomcatWebServer - Tomcat initialized with port(s): 11224 (http)
2021-01-04 10:05:57.411 [main] INFO  org.apache.coyote.http11.Http11NioProtocol - Initializing ProtocolHandler ["http-nio-11224"]
2021-01-04 10:05:57.421 [main] INFO  org.apache.catalina.core.StandardService - Starting service [Tomcat]
2021-01-04 10:05:57.421 [main] INFO  org.apache.catalina.core.StandardEngine - Starting Servlet engine: [Apache Tomcat/9.0.16]
2021-01-04 10:05:57.441 [main] INFO  org.apache.catalina.core.AprLifecycleListener - The APR based Apache Tomcat Native library which allows optimal performance in production environments was not found on the java.library.path: [E:\jdk1.8\jdk1.8\bin;C:\WINDOWS\Sun\Java\bin;C:\WINDOWS\system32;C:\WINDOWS;E:\xftp\;E:\jdk1.8\jdk1.8\bin;C:\Program Files (x86)\Intel\Intel(R) Management Engine Components\iCLS\;C:\Program Files\Intel\Intel(R) Management Engine Components\iCLS\;C:\Windows\system32;C:\Windows;C:\Windows\System32\Wbem;C:\Windows\System32\WindowsPowerShell\v1.0\;C:\Windows\System32\OpenSSH\;C:\Program Files (x86)\Intel\Intel(R) Management Engine Components\DAL;C:\Program Files\Intel\Intel(R) Management Engine Components\DAL;C:\Program Files (x86)\Intel\Intel(R) Management Engine Components\IPT;C:\Program Files\Intel\Intel(R) Management Engine Components\IPT;C:\Program Files (x86)\NVIDIA Corporation\PhysX\Common;C:\Program Files\MySQL\MySQL Server 5.5\bin;C:\Program Files\Intel\WiFi\bin\;C:\Program Files\Common Files\Intel\WirelessCommon\;C:\WINDOWS\system32;C:\WINDOWS;C:\WINDOWS\System32\Wbem;C:\WINDOWS\System32\WindowsPowerShell\v1.0\;C:\WINDOWS\System32\OpenSSH\;E:\jdk1.8\jdk1.8\bin;E:\jdk1.8\jdk1.8\jre\bin;D:\apache-maven-3.5.3\bin;D:\node\;E:\svn\bin;E:\Xshell\;C:\Users\刘瓜儿\AppData\Local\Microsoft\WindowsApps;C:\Users\刘瓜儿\AppData\Roaming\npm;.]
2021-01-04 10:05:57.511 [main] INFO  o.a.c.core.ContainerBase.[Tomcat].[localhost].[/] - Initializing Spring embedded WebApplicationContext
2021-01-04 10:05:57.511 [main] INFO  org.springframework.web.context.ContextLoader - Root WebApplicationContext: initialization completed in 1390 ms
2021-01-04 10:05:57.601 [main] INFO  c.a.d.s.b.a.DruidDataSourceAutoConfigure - Init DruidDataSource
2021-01-04 10:05:57.991 [main] INFO  com.alibaba.druid.pool.DruidDataSource - {dataSource-1} inited
2021-01-04 10:05:58.521 [main] INFO  o.s.scheduling.concurrent.ThreadPoolTaskExecutor - Initializing ExecutorService 'applicationTaskExecutor'
2021-01-04 10:05:58.731 [main] INFO  org.apache.coyote.http11.Http11NioProtocol - Starting ProtocolHandler ["http-nio-11224"]
2021-01-04 10:05:58.761 [main] INFO  o.s.boot.web.embedded.tomcat.TomcatWebServer - Tomcat started on port(s): 11224 (http) with context path ''
2021-01-04 10:05:58.761 [main] INFO  com.jinguizi.UploadApp - Started UploadApp in 3.45 seconds (JVM running for 5.348)
2021-01-04 10:06:03.299 [http-nio-11224-exec-1] INFO  o.a.c.core.ContainerBase.[Tomcat].[localhost].[/] - Initializing Spring DispatcherServlet 'dispatcherServlet'
2021-01-04 10:06:03.299 [http-nio-11224-exec-1] INFO  org.springframework.web.servlet.DispatcherServlet - Initializing Servlet 'dispatcherServlet'
2021-01-04 10:06:03.299 [http-nio-11224-exec-1] INFO  org.springframework.web.servlet.DispatcherServlet - Completed initialization in 0 ms
2021-01-04 10:08:17.011 [main] INFO  com.jinguizi.UploadApp - Starting UploadApp on DESKTOP-84MN96N with PID 10648 (E:\jinguizi\uploading\target\classes started by 刘瓜儿 in E:\jinguizi\uploading)
2021-01-04 10:08:17.014 [main] INFO  com.jinguizi.UploadApp - No active profile set, falling back to default profiles: default
2021-01-04 10:08:17.873 [main] INFO  o.s.boot.web.embedded.tomcat.TomcatWebServer - Tomcat initialized with port(s): 11224 (http)
2021-01-04 10:08:17.882 [main] INFO  org.apache.coyote.http11.Http11NioProtocol - Initializing ProtocolHandler ["http-nio-11224"]
2021-01-04 10:08:17.887 [main] INFO  org.apache.catalina.core.StandardService - Starting service [Tomcat]
2021-01-04 10:08:17.888 [main] INFO  org.apache.catalina.core.StandardEngine - Starting Servlet engine: [Apache Tomcat/9.0.16]
2021-01-04 10:08:17.892 [main] INFO  org.apache.catalina.core.AprLifecycleListener - The APR based Apache Tomcat Native library which allows optimal performance in production environments was not found on the java.library.path: [E:\jdk1.8\jdk1.8\bin;C:\WINDOWS\Sun\Java\bin;C:\WINDOWS\system32;C:\WINDOWS;E:\xftp\;E:\jdk1.8\jdk1.8\bin;C:\Program Files (x86)\Intel\Intel(R) Management Engine Components\iCLS\;C:\Program Files\Intel\Intel(R) Management Engine Components\iCLS\;C:\Windows\system32;C:\Windows;C:\Windows\System32\Wbem;C:\Windows\System32\WindowsPowerShell\v1.0\;C:\Windows\System32\OpenSSH\;C:\Program Files (x86)\Intel\Intel(R) Management Engine Components\DAL;C:\Program Files\Intel\Intel(R) Management Engine Components\DAL;C:\Program Files (x86)\Intel\Intel(R) Management Engine Components\IPT;C:\Program Files\Intel\Intel(R) Management Engine Components\IPT;C:\Program Files (x86)\NVIDIA Corporation\PhysX\Common;C:\Program Files\MySQL\MySQL Server 5.5\bin;C:\Program Files\Intel\WiFi\bin\;C:\Program Files\Common Files\Intel\WirelessCommon\;C:\WINDOWS\system32;C:\WINDOWS;C:\WINDOWS\System32\Wbem;C:\WINDOWS\System32\WindowsPowerShell\v1.0\;C:\WINDOWS\System32\OpenSSH\;E:\jdk1.8\jdk1.8\bin;E:\jdk1.8\jdk1.8\jre\bin;D:\apache-maven-3.5.3\bin;D:\node\;E:\svn\bin;E:\Xshell\;C:\Users\刘瓜儿\AppData\Local\Microsoft\WindowsApps;C:\Users\刘瓜儿\AppData\Roaming\npm;.]
2021-01-04 10:08:17.951 [main] INFO  o.a.c.core.ContainerBase.[Tomcat].[localhost].[/] - Initializing Spring embedded WebApplicationContext
2021-01-04 10:08:17.952 [main] INFO  org.springframework.web.context.ContextLoader - Root WebApplicationContext: initialization completed in 876 ms
2021-01-04 10:08:18.019 [main] INFO  c.a.d.s.b.a.DruidDataSourceAutoConfigure - Init DruidDataSource
2021-01-04 10:08:18.188 [main] INFO  com.alibaba.druid.pool.DruidDataSource - {dataSource-1} inited
2021-01-04 10:08:18.447 [main] INFO  o.s.scheduling.concurrent.ThreadPoolTaskExecutor - Initializing ExecutorService 'applicationTaskExecutor'
2021-01-04 10:08:18.611 [main] INFO  org.apache.coyote.http11.Http11NioProtocol - Starting ProtocolHandler ["http-nio-11224"]
2021-01-04 10:08:18.627 [main] INFO  o.s.boot.web.embedded.tomcat.TomcatWebServer - Tomcat started on port(s): 11224 (http) with context path ''
2021-01-04 10:08:18.629 [main] INFO  com.jinguizi.UploadApp - Started UploadApp in 2.05 seconds (JVM running for 3.287)
2021-01-04 10:09:05.578 [http-nio-11224-exec-1] INFO  o.a.c.core.ContainerBase.[Tomcat].[localhost].[/] - Initializing Spring DispatcherServlet 'dispatcherServlet'
2021-01-04 10:09:05.578 [http-nio-11224-exec-1] INFO  org.springframework.web.servlet.DispatcherServlet - Initializing Servlet 'dispatcherServlet'
2021-01-04 10:09:05.583 [http-nio-11224-exec-1] INFO  org.springframework.web.servlet.DispatcherServlet - Completed initialization in 5 ms
2021-01-04 10:11:01.128 [main] INFO  com.jinguizi.UploadApp - Starting UploadApp on DESKTOP-84MN96N with PID 16968 (E:\jinguizi\uploading\target\classes started by 刘瓜儿 in E:\jinguizi\uploading)
2021-01-04 10:11:01.131 [main] INFO  com.jinguizi.UploadApp - No active profile set, falling back to default profiles: default
2021-01-04 10:11:01.964 [main] INFO  o.s.boot.web.embedded.tomcat.TomcatWebServer - Tomcat initialized with port(s): 11224 (http)
2021-01-04 10:11:01.973 [main] INFO  org.apache.coyote.http11.Http11NioProtocol - Initializing ProtocolHandler ["http-nio-11224"]
2021-01-04 10:11:01.979 [main] INFO  org.apache.catalina.core.StandardService - Starting service [Tomcat]
2021-01-04 10:11:01.979 [main] INFO  org.apache.catalina.core.StandardEngine - Starting Servlet engine: [Apache Tomcat/9.0.16]
2021-01-04 10:11:01.983 [main] INFO  org.apache.catalina.core.AprLifecycleListener - The APR based Apache Tomcat Native library which allows optimal performance in production environments was not found on the java.library.path: [E:\jdk1.8\jdk1.8\bin;C:\WINDOWS\Sun\Java\bin;C:\WINDOWS\system32;C:\WINDOWS;E:\xftp\;E:\jdk1.8\jdk1.8\bin;C:\Program Files (x86)\Intel\Intel(R) Management Engine Components\iCLS\;C:\Program Files\Intel\Intel(R) Management Engine Components\iCLS\;C:\Windows\system32;C:\Windows;C:\Windows\System32\Wbem;C:\Windows\System32\WindowsPowerShell\v1.0\;C:\Windows\System32\OpenSSH\;C:\Program Files (x86)\Intel\Intel(R) Management Engine Components\DAL;C:\Program Files\Intel\Intel(R) Management Engine Components\DAL;C:\Program Files (x86)\Intel\Intel(R) Management Engine Components\IPT;C:\Program Files\Intel\Intel(R) Management Engine Components\IPT;C:\Program Files (x86)\NVIDIA Corporation\PhysX\Common;C:\Program Files\MySQL\MySQL Server 5.5\bin;C:\Program Files\Intel\WiFi\bin\;C:\Program Files\Common Files\Intel\WirelessCommon\;C:\WINDOWS\system32;C:\WINDOWS;C:\WINDOWS\System32\Wbem;C:\WINDOWS\System32\WindowsPowerShell\v1.0\;C:\WINDOWS\System32\OpenSSH\;E:\jdk1.8\jdk1.8\bin;E:\jdk1.8\jdk1.8\jre\bin;D:\apache-maven-3.5.3\bin;D:\node\;E:\svn\bin;E:\Xshell\;C:\Users\刘瓜儿\AppData\Local\Microsoft\WindowsApps;C:\Users\刘瓜儿\AppData\Roaming\npm;.]
2021-01-04 10:11:02.043 [main] INFO  o.a.c.core.ContainerBase.[Tomcat].[localhost].[/] - Initializing Spring embedded WebApplicationContext
2021-01-04 10:11:02.044 [main] INFO  org.springframework.web.context.ContextLoader - Root WebApplicationContext: initialization completed in 858 ms
2021-01-04 10:11:02.112 [main] INFO  c.a.d.s.b.a.DruidDataSourceAutoConfigure - Init DruidDataSource
2021-01-04 10:11:02.281 [main] INFO  com.alibaba.druid.pool.DruidDataSource - {dataSource-1} inited
2021-01-04 10:11:02.540 [main] INFO  o.s.scheduling.concurrent.ThreadPoolTaskExecutor - Initializing ExecutorService 'applicationTaskExecutor'
2021-01-04 10:11:02.708 [main] INFO  org.apache.coyote.http11.Http11NioProtocol - Starting ProtocolHandler ["http-nio-11224"]
2021-01-04 10:11:02.727 [main] INFO  o.s.boot.web.embedded.tomcat.TomcatWebServer - Tomcat started on port(s): 11224 (http) with context path ''
2021-01-04 10:11:02.730 [main] INFO  com.jinguizi.UploadApp - Started UploadApp in 1.948 seconds (JVM running for 3.091)
2021-01-04 10:11:08.606 [http-nio-11224-exec-1] INFO  o.a.c.core.ContainerBase.[Tomcat].[localhost].[/] - Initializing Spring DispatcherServlet 'dispatcherServlet'
2021-01-04 10:11:08.606 [http-nio-11224-exec-1] INFO  org.springframework.web.servlet.DispatcherServlet - Initializing Servlet 'dispatcherServlet'
2021-01-04 10:11:08.611 [http-nio-11224-exec-1] INFO  org.springframework.web.servlet.DispatcherServlet - Completed initialization in 5 ms
