2021-01-04 10:05:56.051 [main] DEBUG com.jinguizi.UploadApp - Running with Spring Boot v2.1.3.RELEASE, Spring v5.1.5.RELEASE
2021-01-04 10:08:17.014 [main] DEBUG com.jinguizi.UploadApp - Running with Spring Boot v2.1.3.RELEASE, Spring v5.1.5.RELEASE
2021-01-04 10:09:06.072 [http-nio-11224-exec-1] DEBUG c.j.mapper.UserMapper.findUserByNameAndPassword - ==>  Preparing: select * from user where username=? and password=? limit 1 
2021-01-04 10:09:06.089 [http-nio-11224-exec-1] DEBUG c.j.mapper.UserMapper.findUserByNameAndPassword - ==> Parameters: jinguizi(String), 123456(String)
2021-01-04 10:09:06.106 [http-nio-11224-exec-1] DEBUG c.j.mapper.UserMapper.findUserByNameAndPassword - <==      Total: 1
2021-01-04 10:09:06.700 [http-nio-11224-exec-1] DEBUG com.jinguizi.mapper.UserMapper.findUserById - ==>  Preparing: select * from user where id=? 
2021-01-04 10:09:06.701 [http-nio-11224-exec-1] DEBUG com.jinguizi.mapper.UserMapper.findUserById - ==> Parameters: 1(Integer)
2021-01-04 10:09:06.704 [http-nio-11224-exec-1] DEBUG com.jinguizi.mapper.UserMapper.findUserById - <==      Total: 1
2021-01-04 10:09:06.704 [http-nio-11224-exec-1] DEBUG com.jinguizi.mapper.SysLogMapper.saveSysLog - ==>  Preparing: insert into sysLog values (null,?,?,?,?,?,?) 
2021-01-04 10:09:06.716 [http-nio-11224-exec-1] DEBUG com.jinguizi.mapper.SysLogMapper.saveSysLog - ==> Parameters: jinguizi(String), 登录了---null(String), com.jinguizi.controller.UserController.findUserByNameAndPassword()(String),   user: User{id=null, username='jinguizi', password='123456'}  session: org.apache.catalina.session.StandardSessionFacade@1c3fc148(String), 192.168.124.40(String), 2021-01-04 10:09:06.704(Timestamp)
2021-01-04 10:09:16.561 [http-nio-11224-exec-2] DEBUG c.j.mapper.UserMapper.findUserByNameAndPassword - ==>  Preparing: select * from user where username=? and password=? limit 1 
2021-01-04 10:09:16.561 [http-nio-11224-exec-2] DEBUG c.j.mapper.UserMapper.findUserByNameAndPassword - ==> Parameters: jinguizi(String), 123456(String)
2021-01-04 10:09:16.563 [http-nio-11224-exec-2] DEBUG c.j.mapper.UserMapper.findUserByNameAndPassword - <==      Total: 1
2021-01-04 10:09:16.569 [http-nio-11224-exec-2] DEBUG com.jinguizi.mapper.UserMapper.findUserById - ==>  Preparing: select * from user where id=? 
2021-01-04 10:09:16.569 [http-nio-11224-exec-2] DEBUG com.jinguizi.mapper.UserMapper.findUserById - ==> Parameters: 1(Integer)
2021-01-04 10:09:16.571 [http-nio-11224-exec-2] DEBUG com.jinguizi.mapper.UserMapper.findUserById - <==      Total: 1
2021-01-04 10:09:16.571 [http-nio-11224-exec-2] DEBUG com.jinguizi.mapper.SysLogMapper.saveSysLog - ==>  Preparing: insert into sysLog values (null,?,?,?,?,?,?) 
2021-01-04 10:09:16.572 [http-nio-11224-exec-2] DEBUG com.jinguizi.mapper.SysLogMapper.saveSysLog - ==> Parameters: jinguizi(String), 登录了---null(String), com.jinguizi.controller.UserController.findUserByNameAndPassword()(String),   user: User{id=null, username='jinguizi', password='123456'}  session: org.apache.catalina.session.StandardSessionFacade@24af7ba7(String), 192.168.124.40(String), 2021-01-04 10:09:16.571(Timestamp)
2021-01-04 10:11:01.130 [main] DEBUG com.jinguizi.UploadApp - Running with Spring Boot v2.1.3.RELEASE, Spring v5.1.5.RELEASE
2021-01-04 10:11:08.763 [http-nio-11224-exec-1] DEBUG c.j.mapper.UserMapper.findUserByNameAndPassword - ==>  Preparing: select * from user where username=? and password=? limit 1 
2021-01-04 10:11:08.778 [http-nio-11224-exec-1] DEBUG c.j.mapper.UserMapper.findUserByNameAndPassword - ==> Parameters: jinguizi(String), 123456(String)
2021-01-04 10:11:08.793 [http-nio-11224-exec-1] DEBUG c.j.mapper.UserMapper.findUserByNameAndPassword - <==      Total: 1
2021-01-04 10:11:08.897 [http-nio-11224-exec-1] DEBUG com.jinguizi.mapper.UserMapper.findUserById - ==>  Preparing: select * from user where id=? 
2021-01-04 10:11:08.898 [http-nio-11224-exec-1] DEBUG com.jinguizi.mapper.UserMapper.findUserById - ==> Parameters: 1(Integer)
2021-01-04 10:11:08.900 [http-nio-11224-exec-1] DEBUG com.jinguizi.mapper.UserMapper.findUserById - <==      Total: 1
2021-01-04 10:11:08.900 [http-nio-11224-exec-1] DEBUG com.jinguizi.mapper.SysLogMapper.saveSysLog - ==>  Preparing: insert into syslog values (null,?,?,?,?,?,?) 
2021-01-04 10:11:08.902 [http-nio-11224-exec-1] DEBUG com.jinguizi.mapper.SysLogMapper.saveSysLog - ==> Parameters: jinguizi(String), 登录了---null(String), com.jinguizi.controller.UserController.findUserByNameAndPassword()(String),   user: User{id=null, username='jinguizi', password='123456'}  session: org.apache.catalina.session.StandardSessionFacade@509df819(String), 192.168.124.40(String), 2021-01-04 10:11:08.9(Timestamp)
2021-01-04 10:11:08.908 [http-nio-11224-exec-1] DEBUG com.jinguizi.mapper.SysLogMapper.saveSysLog - <==    Updates: 1
2021-01-04 10:11:09.512 [http-nio-11224-exec-3] DEBUG com.jinguizi.mapper.StatMapper.modelPlanCount - ==>  Preparing: select a.click_date as dateTime,IFNULL(b.count,0) as count from ( SELECT curdate() as click_date union all SELECT date_sub(curdate(), interval 1 day) as click_date union all SELECT date_sub(curdate(), interval 2 day) as click_date union all SELECT date_sub(curdate(), interval 3 day) as click_date union all SELECT date_sub(curdate(), interval 4 day) as click_date union all SELECT date_sub(curdate(), interval 5 day) as click_date union all SELECT date_sub(curdate(), interval 6 day) as click_date ) a left join ( select date(group_time) as dateTime, count(*) as count from model_plan group by date(group_time) ) b on a.click_date = b.datetime order by a.click_date asc 
2021-01-04 10:11:09.512 [http-nio-11224-exec-3] DEBUG com.jinguizi.mapper.StatMapper.modelPlanCount - ==> Parameters: 
2021-01-04 10:11:09.515 [http-nio-11224-exec-3] DEBUG com.jinguizi.mapper.StatMapper.modelPlanCount - <==      Total: 7
2021-01-04 10:11:23.218 [http-nio-11224-exec-5] DEBUG c.j.m.ModelPlanMapper.findModelPlanByName_COUNT - ==>  Preparing: select count(0) from (select id,model_name modelName, push_time pushTime, data_type dataType, outbound_cost outboundCost, sms_cost smsCost, case when channel="" then "/" else channel end as channel, trigger_count triggerCount, income, register_count registerCount, operators_line operatorsLine, user_id userId, file_name fileName, group_time groupTime, send_success_count sendSuccessCount, data_count dataCount, connect_count connectCount from model_plan where 1=1 order by push_time desc) tmp_count 
2021-01-04 10:11:23.218 [http-nio-11224-exec-5] DEBUG c.j.m.ModelPlanMapper.findModelPlanByName_COUNT - ==> Parameters: 
2021-01-04 10:11:23.221 [http-nio-11224-exec-5] DEBUG c.j.m.ModelPlanMapper.findModelPlanByName_COUNT - <==      Total: 1
2021-01-04 10:11:23.222 [http-nio-11224-exec-5] DEBUG c.j.mapper.ModelPlanMapper.findModelPlanByName - ==>  Preparing: select id,model_name modelName, push_time pushTime, data_type dataType, outbound_cost outboundCost, sms_cost smsCost, case when channel="" then "/" else channel end as channel, trigger_count triggerCount, income, register_count registerCount, operators_line operatorsLine, user_id userId, file_name fileName, group_time groupTime, send_success_count sendSuccessCount, data_count dataCount, connect_count connectCount from model_plan where 1=1 order by push_time desc LIMIT ? 
2021-01-04 10:11:23.223 [http-nio-11224-exec-5] DEBUG c.j.mapper.ModelPlanMapper.findModelPlanByName - ==> Parameters: 50(Integer)
2021-01-04 10:11:23.238 [http-nio-11224-exec-5] DEBUG c.j.mapper.ModelPlanMapper.findModelPlanByName - <==      Total: 28
2021-01-04 10:11:24.760 [http-nio-11224-exec-8] DEBUG c.j.mapper.FileDetailMapper.findFileDetail_COUNT - ==>  Preparing: SELECT count(0) FROM file_detail f, user u WHERE f.user_id = u.id 
2021-01-04 10:11:24.760 [http-nio-11224-exec-8] DEBUG c.j.mapper.FileDetailMapper.findFileDetail_COUNT - ==> Parameters: 
2021-01-04 10:11:24.763 [http-nio-11224-exec-8] DEBUG c.j.mapper.FileDetailMapper.findFileDetail_COUNT - <==      Total: 1
2021-01-04 10:11:24.763 [http-nio-11224-exec-8] DEBUG c.jinguizi.mapper.FileDetailMapper.findFileDetail - ==>  Preparing: select file_name fileName, f.id id, upload_time uploadTime, count, u.username username from file_detail f,user u where f.user_id=u.id order by upload_time desc LIMIT ? 
2021-01-04 10:11:24.763 [http-nio-11224-exec-8] DEBUG c.jinguizi.mapper.FileDetailMapper.findFileDetail - ==> Parameters: 100(Integer)
2021-01-04 10:11:24.765 [http-nio-11224-exec-8] DEBUG c.jinguizi.mapper.FileDetailMapper.findFileDetail - <==      Total: 1
2021-01-04 10:11:27.577 [http-nio-11224-exec-7] DEBUG c.j.m.ModelPlanMapper.findModelPlanByName_COUNT - ==>  Preparing: select count(0) from (select id,model_name modelName, push_time pushTime, data_type dataType, outbound_cost outboundCost, sms_cost smsCost, case when channel="" then "/" else channel end as channel, trigger_count triggerCount, income, register_count registerCount, operators_line operatorsLine, user_id userId, file_name fileName, group_time groupTime, send_success_count sendSuccessCount, data_count dataCount, connect_count connectCount from model_plan where 1=1 order by push_time desc) tmp_count 
2021-01-04 10:11:27.578 [http-nio-11224-exec-7] DEBUG c.j.m.ModelPlanMapper.findModelPlanByName_COUNT - ==> Parameters: 
2021-01-04 10:11:27.580 [http-nio-11224-exec-7] DEBUG c.j.m.ModelPlanMapper.findModelPlanByName_COUNT - <==      Total: 1
2021-01-04 10:11:27.581 [http-nio-11224-exec-7] DEBUG c.j.mapper.ModelPlanMapper.findModelPlanByName - ==>  Preparing: select id,model_name modelName, push_time pushTime, data_type dataType, outbound_cost outboundCost, sms_cost smsCost, case when channel="" then "/" else channel end as channel, trigger_count triggerCount, income, register_count registerCount, operators_line operatorsLine, user_id userId, file_name fileName, group_time groupTime, send_success_count sendSuccessCount, data_count dataCount, connect_count connectCount from model_plan where 1=1 order by push_time desc LIMIT ? 
2021-01-04 10:11:27.581 [http-nio-11224-exec-7] DEBUG c.j.mapper.ModelPlanMapper.findModelPlanByName - ==> Parameters: 50(Integer)
2021-01-04 10:11:27.590 [http-nio-11224-exec-7] DEBUG c.j.mapper.ModelPlanMapper.findModelPlanByName - <==      Total: 28
2021-01-04 10:11:28.772 [http-nio-11224-exec-10] DEBUG c.j.mapper.FileDetailMapper.findFileDetail_COUNT - ==>  Preparing: SELECT count(0) FROM file_detail f, user u WHERE f.user_id = u.id 
2021-01-04 10:11:28.772 [http-nio-11224-exec-10] DEBUG c.j.mapper.FileDetailMapper.findFileDetail_COUNT - ==> Parameters: 
2021-01-04 10:11:28.774 [http-nio-11224-exec-10] DEBUG c.j.mapper.FileDetailMapper.findFileDetail_COUNT - <==      Total: 1
2021-01-04 10:11:28.774 [http-nio-11224-exec-10] DEBUG c.jinguizi.mapper.FileDetailMapper.findFileDetail - ==>  Preparing: select file_name fileName, f.id id, upload_time uploadTime, count, u.username username from file_detail f,user u where f.user_id=u.id order by upload_time desc LIMIT ? 
2021-01-04 10:11:28.774 [http-nio-11224-exec-10] DEBUG c.jinguizi.mapper.FileDetailMapper.findFileDetail - ==> Parameters: 100(Integer)
2021-01-04 10:11:28.776 [http-nio-11224-exec-10] DEBUG c.jinguizi.mapper.FileDetailMapper.findFileDetail - <==      Total: 1
2021-01-04 10:11:29.284 [http-nio-11224-exec-9] DEBUG com.jinguizi.mapper.StatMapper.modelPlanCount - ==>  Preparing: select a.click_date as dateTime,IFNULL(b.count,0) as count from ( SELECT curdate() as click_date union all SELECT date_sub(curdate(), interval 1 day) as click_date union all SELECT date_sub(curdate(), interval 2 day) as click_date union all SELECT date_sub(curdate(), interval 3 day) as click_date union all SELECT date_sub(curdate(), interval 4 day) as click_date union all SELECT date_sub(curdate(), interval 5 day) as click_date union all SELECT date_sub(curdate(), interval 6 day) as click_date ) a left join ( select date(group_time) as dateTime, count(*) as count from model_plan group by date(group_time) ) b on a.click_date = b.datetime order by a.click_date asc 
2021-01-04 10:11:29.285 [http-nio-11224-exec-9] DEBUG com.jinguizi.mapper.StatMapper.modelPlanCount - ==> Parameters: 
2021-01-04 10:11:29.289 [http-nio-11224-exec-9] DEBUG com.jinguizi.mapper.StatMapper.modelPlanCount - <==      Total: 7
2021-01-04 10:11:30.911 [http-nio-11224-exec-1] DEBUG c.j.m.ModelPlanMapper.findModelPlanByName_COUNT - ==>  Preparing: select count(0) from (select id,model_name modelName, push_time pushTime, data_type dataType, outbound_cost outboundCost, sms_cost smsCost, case when channel="" then "/" else channel end as channel, trigger_count triggerCount, income, register_count registerCount, operators_line operatorsLine, user_id userId, file_name fileName, group_time groupTime, send_success_count sendSuccessCount, data_count dataCount, connect_count connectCount from model_plan where 1=1 order by push_time desc) tmp_count 
2021-01-04 10:11:30.912 [http-nio-11224-exec-1] DEBUG c.j.m.ModelPlanMapper.findModelPlanByName_COUNT - ==> Parameters: 
2021-01-04 10:11:30.914 [http-nio-11224-exec-1] DEBUG c.j.m.ModelPlanMapper.findModelPlanByName_COUNT - <==      Total: 1
2021-01-04 10:11:30.914 [http-nio-11224-exec-1] DEBUG c.j.mapper.ModelPlanMapper.findModelPlanByName - ==>  Preparing: select id,model_name modelName, push_time pushTime, data_type dataType, outbound_cost outboundCost, sms_cost smsCost, case when channel="" then "/" else channel end as channel, trigger_count triggerCount, income, register_count registerCount, operators_line operatorsLine, user_id userId, file_name fileName, group_time groupTime, send_success_count sendSuccessCount, data_count dataCount, connect_count connectCount from model_plan where 1=1 order by push_time desc LIMIT ? 
2021-01-04 10:11:30.914 [http-nio-11224-exec-1] DEBUG c.j.mapper.ModelPlanMapper.findModelPlanByName - ==> Parameters: 50(Integer)
2021-01-04 10:11:30.923 [http-nio-11224-exec-1] DEBUG c.j.mapper.ModelPlanMapper.findModelPlanByName - <==      Total: 28
2021-01-04 10:16:25.799 [http-nio-11224-exec-4] DEBUG c.j.mapper.UserMapper.findUserByNameAndPassword - ==>  Preparing: select * from user where username=? and password=? limit 1 
2021-01-04 10:16:25.799 [http-nio-11224-exec-4] DEBUG c.j.mapper.UserMapper.findUserByNameAndPassword - ==> Parameters: jinguizi(String), 123456(String)
2021-01-04 10:16:25.802 [http-nio-11224-exec-4] DEBUG c.j.mapper.UserMapper.findUserByNameAndPassword - <==      Total: 1
2021-01-04 10:16:25.807 [http-nio-11224-exec-4] DEBUG com.jinguizi.mapper.UserMapper.findUserById - ==>  Preparing: select * from user where id=? 
2021-01-04 10:16:25.807 [http-nio-11224-exec-4] DEBUG com.jinguizi.mapper.UserMapper.findUserById - ==> Parameters: 1(Integer)
2021-01-04 10:16:25.809 [http-nio-11224-exec-4] DEBUG com.jinguizi.mapper.UserMapper.findUserById - <==      Total: 1
2021-01-04 10:16:25.810 [http-nio-11224-exec-4] DEBUG com.jinguizi.mapper.SysLogMapper.saveSysLog - ==>  Preparing: insert into syslog values (null,?,?,?,?,?,?) 
2021-01-04 10:16:25.811 [http-nio-11224-exec-4] DEBUG com.jinguizi.mapper.SysLogMapper.saveSysLog - ==> Parameters: jinguizi(String), 登录了---null(String), com.jinguizi.controller.UserController.findUserByNameAndPassword()(String),   user: User{id=null, username='jinguizi', password='123456'}  session: org.apache.catalina.session.StandardSessionFacade@604dbd4f(String), 192.168.124.40(String), 2021-01-04 10:16:25.81(Timestamp)
2021-01-04 10:16:25.819 [http-nio-11224-exec-4] DEBUG com.jinguizi.mapper.SysLogMapper.saveSysLog - <==    Updates: 1
2021-01-04 10:16:26.242 [http-nio-11224-exec-5] DEBUG com.jinguizi.mapper.StatMapper.modelPlanCount - ==>  Preparing: select a.click_date as dateTime,IFNULL(b.count,0) as count from ( SELECT curdate() as click_date union all SELECT date_sub(curdate(), interval 1 day) as click_date union all SELECT date_sub(curdate(), interval 2 day) as click_date union all SELECT date_sub(curdate(), interval 3 day) as click_date union all SELECT date_sub(curdate(), interval 4 day) as click_date union all SELECT date_sub(curdate(), interval 5 day) as click_date union all SELECT date_sub(curdate(), interval 6 day) as click_date ) a left join ( select date(group_time) as dateTime, count(*) as count from model_plan group by date(group_time) ) b on a.click_date = b.datetime order by a.click_date asc 
2021-01-04 10:16:26.242 [http-nio-11224-exec-5] DEBUG com.jinguizi.mapper.StatMapper.modelPlanCount - ==> Parameters: 
2021-01-04 10:16:26.245 [http-nio-11224-exec-5] DEBUG com.jinguizi.mapper.StatMapper.modelPlanCount - <==      Total: 7
2021-01-04 10:16:28.495 [http-nio-11224-exec-6] DEBUG c.j.m.ModelPlanMapper.findModelPlanByName_COUNT - ==>  Preparing: select count(0) from (select id,model_name modelName, push_time pushTime, data_type dataType, outbound_cost outboundCost, sms_cost smsCost, case when channel="" then "/" else channel end as channel, trigger_count triggerCount, income, register_count registerCount, operators_line operatorsLine, user_id userId, file_name fileName, group_time groupTime, send_success_count sendSuccessCount, data_count dataCount, connect_count connectCount from model_plan where 1=1 order by push_time desc) tmp_count 
2021-01-04 10:16:28.495 [http-nio-11224-exec-6] DEBUG c.j.m.ModelPlanMapper.findModelPlanByName_COUNT - ==> Parameters: 
2021-01-04 10:16:28.496 [http-nio-11224-exec-6] DEBUG c.j.m.ModelPlanMapper.findModelPlanByName_COUNT - <==      Total: 1
2021-01-04 10:16:28.497 [http-nio-11224-exec-6] DEBUG c.j.mapper.ModelPlanMapper.findModelPlanByName - ==>  Preparing: select id,model_name modelName, push_time pushTime, data_type dataType, outbound_cost outboundCost, sms_cost smsCost, case when channel="" then "/" else channel end as channel, trigger_count triggerCount, income, register_count registerCount, operators_line operatorsLine, user_id userId, file_name fileName, group_time groupTime, send_success_count sendSuccessCount, data_count dataCount, connect_count connectCount from model_plan where 1=1 order by push_time desc LIMIT ? 
2021-01-04 10:16:28.497 [http-nio-11224-exec-6] DEBUG c.j.mapper.ModelPlanMapper.findModelPlanByName - ==> Parameters: 50(Integer)
2021-01-04 10:16:28.502 [http-nio-11224-exec-6] DEBUG c.j.mapper.ModelPlanMapper.findModelPlanByName - <==      Total: 28
2021-01-04 10:16:30.455 [http-nio-11224-exec-8] DEBUG c.j.mapper.FileDetailMapper.findFileDetail_COUNT - ==>  Preparing: SELECT count(0) FROM file_detail f, user u WHERE f.user_id = u.id 
2021-01-04 10:16:30.456 [http-nio-11224-exec-8] DEBUG c.j.mapper.FileDetailMapper.findFileDetail_COUNT - ==> Parameters: 
2021-01-04 10:16:30.457 [http-nio-11224-exec-8] DEBUG c.j.mapper.FileDetailMapper.findFileDetail_COUNT - <==      Total: 1
2021-01-04 10:16:30.458 [http-nio-11224-exec-8] DEBUG c.jinguizi.mapper.FileDetailMapper.findFileDetail - ==>  Preparing: select file_name fileName, f.id id, upload_time uploadTime, count, u.username username from file_detail f,user u where f.user_id=u.id order by upload_time desc LIMIT ? 
2021-01-04 10:16:30.459 [http-nio-11224-exec-8] DEBUG c.jinguizi.mapper.FileDetailMapper.findFileDetail - ==> Parameters: 100(Integer)
2021-01-04 10:16:30.461 [http-nio-11224-exec-8] DEBUG c.jinguizi.mapper.FileDetailMapper.findFileDetail - <==      Total: 1
2021-01-04 10:16:32.274 [http-nio-11224-exec-7] DEBUG c.j.m.ModelPlanMapper.findModelPlanByName_COUNT - ==>  Preparing: select count(0) from (select id,model_name modelName, push_time pushTime, data_type dataType, outbound_cost outboundCost, sms_cost smsCost, case when channel="" then "/" else channel end as channel, trigger_count triggerCount, income, register_count registerCount, operators_line operatorsLine, user_id userId, file_name fileName, group_time groupTime, send_success_count sendSuccessCount, data_count dataCount, connect_count connectCount from model_plan where 1=1 order by push_time desc) tmp_count 
2021-01-04 10:16:32.275 [http-nio-11224-exec-7] DEBUG c.j.m.ModelPlanMapper.findModelPlanByName_COUNT - ==> Parameters: 
2021-01-04 10:16:32.276 [http-nio-11224-exec-7] DEBUG c.j.m.ModelPlanMapper.findModelPlanByName_COUNT - <==      Total: 1
2021-01-04 10:16:32.277 [http-nio-11224-exec-7] DEBUG c.j.mapper.ModelPlanMapper.findModelPlanByName - ==>  Preparing: select id,model_name modelName, push_time pushTime, data_type dataType, outbound_cost outboundCost, sms_cost smsCost, case when channel="" then "/" else channel end as channel, trigger_count triggerCount, income, register_count registerCount, operators_line operatorsLine, user_id userId, file_name fileName, group_time groupTime, send_success_count sendSuccessCount, data_count dataCount, connect_count connectCount from model_plan where 1=1 order by push_time desc LIMIT ? 
2021-01-04 10:16:32.277 [http-nio-11224-exec-7] DEBUG c.j.mapper.ModelPlanMapper.findModelPlanByName - ==> Parameters: 50(Integer)
2021-01-04 10:16:32.283 [http-nio-11224-exec-7] DEBUG c.j.mapper.ModelPlanMapper.findModelPlanByName - <==      Total: 28
2021-01-04 10:18:27.010 [http-nio-11224-exec-9] DEBUG c.j.mapper.FileDetailMapper.findFileDetail_COUNT - ==>  Preparing: SELECT count(0) FROM file_detail f, user u WHERE f.user_id = u.id 
2021-01-04 10:18:27.011 [http-nio-11224-exec-9] DEBUG c.j.mapper.FileDetailMapper.findFileDetail_COUNT - ==> Parameters: 
2021-01-04 10:18:27.012 [http-nio-11224-exec-9] DEBUG c.j.mapper.FileDetailMapper.findFileDetail_COUNT - <==      Total: 1
2021-01-04 10:18:27.012 [http-nio-11224-exec-9] DEBUG c.jinguizi.mapper.FileDetailMapper.findFileDetail - ==>  Preparing: select file_name fileName, f.id id, upload_time uploadTime, count, u.username username from file_detail f,user u where f.user_id=u.id order by upload_time desc LIMIT ? 
2021-01-04 10:18:27.013 [http-nio-11224-exec-9] DEBUG c.jinguizi.mapper.FileDetailMapper.findFileDetail - ==> Parameters: 100(Integer)
2021-01-04 10:18:27.014 [http-nio-11224-exec-9] DEBUG c.jinguizi.mapper.FileDetailMapper.findFileDetail - <==      Total: 1
2021-01-04 10:18:28.375 [http-nio-11224-exec-1] DEBUG c.j.m.ModelPlanMapper.findModelPlanByName_COUNT - ==>  Preparing: select count(0) from (select id,model_name modelName, push_time pushTime, data_type dataType, outbound_cost outboundCost, sms_cost smsCost, case when channel="" then "/" else channel end as channel, trigger_count triggerCount, income, register_count registerCount, operators_line operatorsLine, user_id userId, file_name fileName, group_time groupTime, send_success_count sendSuccessCount, data_count dataCount, connect_count connectCount from model_plan where 1=1 order by push_time desc) tmp_count 
2021-01-04 10:18:28.375 [http-nio-11224-exec-1] DEBUG c.j.m.ModelPlanMapper.findModelPlanByName_COUNT - ==> Parameters: 
2021-01-04 10:18:28.377 [http-nio-11224-exec-1] DEBUG c.j.m.ModelPlanMapper.findModelPlanByName_COUNT - <==      Total: 1
2021-01-04 10:18:28.377 [http-nio-11224-exec-1] DEBUG c.j.mapper.ModelPlanMapper.findModelPlanByName - ==>  Preparing: select id,model_name modelName, push_time pushTime, data_type dataType, outbound_cost outboundCost, sms_cost smsCost, case when channel="" then "/" else channel end as channel, trigger_count triggerCount, income, register_count registerCount, operators_line operatorsLine, user_id userId, file_name fileName, group_time groupTime, send_success_count sendSuccessCount, data_count dataCount, connect_count connectCount from model_plan where 1=1 order by push_time desc LIMIT ? 
2021-01-04 10:18:28.378 [http-nio-11224-exec-1] DEBUG c.j.mapper.ModelPlanMapper.findModelPlanByName - ==> Parameters: 50(Integer)
2021-01-04 10:18:28.381 [http-nio-11224-exec-1] DEBUG c.j.mapper.ModelPlanMapper.findModelPlanByName - <==      Total: 28
2021-01-04 10:18:29.354 [http-nio-11224-exec-2] DEBUG c.j.mapper.FileDetailMapper.findFileDetail_COUNT - ==>  Preparing: SELECT count(0) FROM file_detail f, user u WHERE f.user_id = u.id 
2021-01-04 10:18:29.355 [http-nio-11224-exec-2] DEBUG c.j.mapper.FileDetailMapper.findFileDetail_COUNT - ==> Parameters: 
2021-01-04 10:18:29.358 [http-nio-11224-exec-2] DEBUG c.j.mapper.FileDetailMapper.findFileDetail_COUNT - <==      Total: 1
2021-01-04 10:18:29.359 [http-nio-11224-exec-2] DEBUG c.jinguizi.mapper.FileDetailMapper.findFileDetail - ==>  Preparing: select file_name fileName, f.id id, upload_time uploadTime, count, u.username username from file_detail f,user u where f.user_id=u.id order by upload_time desc LIMIT ? 
2021-01-04 10:18:29.359 [http-nio-11224-exec-2] DEBUG c.jinguizi.mapper.FileDetailMapper.findFileDetail - ==> Parameters: 100(Integer)
2021-01-04 10:18:29.362 [http-nio-11224-exec-2] DEBUG c.jinguizi.mapper.FileDetailMapper.findFileDetail - <==      Total: 1
2021-01-04 10:23:59.683 [http-nio-11224-exec-4] DEBUG c.j.m.ModelPlanMapper.findModelPlanByName_COUNT - ==>  Preparing: select count(0) from (select id,model_name modelName, push_time pushTime, data_type dataType, outbound_cost outboundCost, sms_cost smsCost, case when channel="" then "/" else channel end as channel, trigger_count triggerCount, income, register_count registerCount, operators_line operatorsLine, user_id userId, file_name fileName, group_time groupTime, send_success_count sendSuccessCount, data_count dataCount, connect_count connectCount from model_plan where 1=1 order by push_time desc) tmp_count 
2021-01-04 10:23:59.683 [http-nio-11224-exec-4] DEBUG c.j.m.ModelPlanMapper.findModelPlanByName_COUNT - ==> Parameters: 
2021-01-04 10:23:59.685 [http-nio-11224-exec-4] DEBUG c.j.m.ModelPlanMapper.findModelPlanByName_COUNT - <==      Total: 1
2021-01-04 10:23:59.686 [http-nio-11224-exec-4] DEBUG c.j.mapper.ModelPlanMapper.findModelPlanByName - ==>  Preparing: select id,model_name modelName, push_time pushTime, data_type dataType, outbound_cost outboundCost, sms_cost smsCost, case when channel="" then "/" else channel end as channel, trigger_count triggerCount, income, register_count registerCount, operators_line operatorsLine, user_id userId, file_name fileName, group_time groupTime, send_success_count sendSuccessCount, data_count dataCount, connect_count connectCount from model_plan where 1=1 order by push_time desc LIMIT ? 
2021-01-04 10:23:59.686 [http-nio-11224-exec-4] DEBUG c.j.mapper.ModelPlanMapper.findModelPlanByName - ==> Parameters: 50(Integer)
2021-01-04 10:23:59.690 [http-nio-11224-exec-4] DEBUG c.j.mapper.ModelPlanMapper.findModelPlanByName - <==      Total: 28
2021-01-04 10:26:34.047 [http-nio-11224-exec-6] DEBUG c.j.mapper.FileDetailMapper.findFileDetail_COUNT - ==>  Preparing: SELECT count(0) FROM file_detail f, user u WHERE f.user_id = u.id 
2021-01-04 10:26:34.048 [http-nio-11224-exec-6] DEBUG c.j.mapper.FileDetailMapper.findFileDetail_COUNT - ==> Parameters: 
2021-01-04 10:26:34.050 [http-nio-11224-exec-6] DEBUG c.j.mapper.FileDetailMapper.findFileDetail_COUNT - <==      Total: 1
2021-01-04 10:26:34.050 [http-nio-11224-exec-6] DEBUG c.jinguizi.mapper.FileDetailMapper.findFileDetail - ==>  Preparing: select file_name fileName, f.id id, upload_time uploadTime, count, u.username username from file_detail f,user u where f.user_id=u.id order by upload_time desc LIMIT ? 
2021-01-04 10:26:34.051 [http-nio-11224-exec-6] DEBUG c.jinguizi.mapper.FileDetailMapper.findFileDetail - ==> Parameters: 100(Integer)
2021-01-04 10:26:34.053 [http-nio-11224-exec-6] DEBUG c.jinguizi.mapper.FileDetailMapper.findFileDetail - <==      Total: 1
2021-01-04 10:26:35.847 [http-nio-11224-exec-8] DEBUG c.j.m.ModelPlanMapper.findModelPlanByName_COUNT - ==>  Preparing: select count(0) from (select id,model_name modelName, push_time pushTime, data_type dataType, outbound_cost outboundCost, sms_cost smsCost, case when channel="" then "/" else channel end as channel, trigger_count triggerCount, income, register_count registerCount, operators_line operatorsLine, user_id userId, file_name fileName, group_time groupTime, send_success_count sendSuccessCount, data_count dataCount, connect_count connectCount from model_plan where 1=1 order by push_time desc) tmp_count 
2021-01-04 10:26:35.848 [http-nio-11224-exec-8] DEBUG c.j.m.ModelPlanMapper.findModelPlanByName_COUNT - ==> Parameters: 
2021-01-04 10:26:35.851 [http-nio-11224-exec-8] DEBUG c.j.m.ModelPlanMapper.findModelPlanByName_COUNT - <==      Total: 1
2021-01-04 10:26:35.853 [http-nio-11224-exec-8] DEBUG c.j.mapper.ModelPlanMapper.findModelPlanByName - ==>  Preparing: select id,model_name modelName, push_time pushTime, data_type dataType, outbound_cost outboundCost, sms_cost smsCost, case when channel="" then "/" else channel end as channel, trigger_count triggerCount, income, register_count registerCount, operators_line operatorsLine, user_id userId, file_name fileName, group_time groupTime, send_success_count sendSuccessCount, data_count dataCount, connect_count connectCount from model_plan where 1=1 order by push_time desc LIMIT ? 
2021-01-04 10:26:35.855 [http-nio-11224-exec-8] DEBUG c.j.mapper.ModelPlanMapper.findModelPlanByName - ==> Parameters: 50(Integer)
2021-01-04 10:26:35.861 [http-nio-11224-exec-8] DEBUG c.j.mapper.ModelPlanMapper.findModelPlanByName - <==      Total: 28
2021-01-04 10:26:37.446 [http-nio-11224-exec-7] DEBUG com.jinguizi.mapper.StatMapper.modelPlanCount - ==>  Preparing: select a.click_date as dateTime,IFNULL(b.count,0) as count from ( SELECT curdate() as click_date union all SELECT date_sub(curdate(), interval 1 day) as click_date union all SELECT date_sub(curdate(), interval 2 day) as click_date union all SELECT date_sub(curdate(), interval 3 day) as click_date union all SELECT date_sub(curdate(), interval 4 day) as click_date union all SELECT date_sub(curdate(), interval 5 day) as click_date union all SELECT date_sub(curdate(), interval 6 day) as click_date ) a left join ( select date(group_time) as dateTime, count(*) as count from model_plan group by date(group_time) ) b on a.click_date = b.datetime order by a.click_date asc 
2021-01-04 10:26:37.446 [http-nio-11224-exec-7] DEBUG com.jinguizi.mapper.StatMapper.modelPlanCount - ==> Parameters: 
2021-01-04 10:26:37.447 [http-nio-11224-exec-7] DEBUG com.jinguizi.mapper.StatMapper.modelPlanCount - <==      Total: 7
2021-01-04 10:26:38.631 [http-nio-11224-exec-10] DEBUG c.j.m.ModelPlanMapper.findModelPlanByName_COUNT - ==>  Preparing: select count(0) from (select id,model_name modelName, push_time pushTime, data_type dataType, outbound_cost outboundCost, sms_cost smsCost, case when channel="" then "/" else channel end as channel, trigger_count triggerCount, income, register_count registerCount, operators_line operatorsLine, user_id userId, file_name fileName, group_time groupTime, send_success_count sendSuccessCount, data_count dataCount, connect_count connectCount from model_plan where 1=1 order by push_time desc) tmp_count 
2021-01-04 10:26:38.632 [http-nio-11224-exec-10] DEBUG c.j.m.ModelPlanMapper.findModelPlanByName_COUNT - ==> Parameters: 
2021-01-04 10:26:38.634 [http-nio-11224-exec-10] DEBUG c.j.m.ModelPlanMapper.findModelPlanByName_COUNT - <==      Total: 1
2021-01-04 10:26:38.634 [http-nio-11224-exec-10] DEBUG c.j.mapper.ModelPlanMapper.findModelPlanByName - ==>  Preparing: select id,model_name modelName, push_time pushTime, data_type dataType, outbound_cost outboundCost, sms_cost smsCost, case when channel="" then "/" else channel end as channel, trigger_count triggerCount, income, register_count registerCount, operators_line operatorsLine, user_id userId, file_name fileName, group_time groupTime, send_success_count sendSuccessCount, data_count dataCount, connect_count connectCount from model_plan where 1=1 order by push_time desc LIMIT ? 
2021-01-04 10:26:38.635 [http-nio-11224-exec-10] DEBUG c.j.mapper.ModelPlanMapper.findModelPlanByName - ==> Parameters: 50(Integer)
2021-01-04 10:26:38.640 [http-nio-11224-exec-10] DEBUG c.j.mapper.ModelPlanMapper.findModelPlanByName - <==      Total: 28
2021-01-04 10:29:52.359 [http-nio-11224-exec-1] DEBUG c.j.mapper.FileDetailMapper.findFileDetail_COUNT - ==>  Preparing: SELECT count(0) FROM file_detail f, user u WHERE f.user_id = u.id 
2021-01-04 10:29:52.359 [http-nio-11224-exec-1] DEBUG c.j.mapper.FileDetailMapper.findFileDetail_COUNT - ==> Parameters: 
2021-01-04 10:29:52.360 [http-nio-11224-exec-1] DEBUG c.j.mapper.FileDetailMapper.findFileDetail_COUNT - <==      Total: 1
2021-01-04 10:29:52.360 [http-nio-11224-exec-1] DEBUG c.jinguizi.mapper.FileDetailMapper.findFileDetail - ==>  Preparing: select file_name fileName, f.id id, upload_time uploadTime, count, u.username username from file_detail f,user u where f.user_id=u.id order by upload_time desc LIMIT ? 
2021-01-04 10:29:52.361 [http-nio-11224-exec-1] DEBUG c.jinguizi.mapper.FileDetailMapper.findFileDetail - ==> Parameters: 100(Integer)
2021-01-04 10:29:52.362 [http-nio-11224-exec-1] DEBUG c.jinguizi.mapper.FileDetailMapper.findFileDetail - <==      Total: 1
2021-01-04 10:29:54.618 [http-nio-11224-exec-2] DEBUG c.j.mapper.FileDetailMapper.findFileDetail_COUNT - ==>  Preparing: SELECT count(0) FROM file_detail f, user u WHERE f.user_id = u.id 
2021-01-04 10:29:54.618 [http-nio-11224-exec-2] DEBUG c.j.mapper.FileDetailMapper.findFileDetail_COUNT - ==> Parameters: 
2021-01-04 10:29:54.620 [http-nio-11224-exec-2] DEBUG c.j.mapper.FileDetailMapper.findFileDetail_COUNT - <==      Total: 1
2021-01-04 10:29:54.621 [http-nio-11224-exec-2] DEBUG c.jinguizi.mapper.FileDetailMapper.findFileDetail - ==>  Preparing: select file_name fileName, f.id id, upload_time uploadTime, count, u.username username from file_detail f,user u where f.user_id=u.id order by upload_time desc LIMIT ? 
2021-01-04 10:29:54.621 [http-nio-11224-exec-2] DEBUG c.jinguizi.mapper.FileDetailMapper.findFileDetail - ==> Parameters: 100(Integer)
2021-01-04 10:29:54.622 [http-nio-11224-exec-2] DEBUG c.jinguizi.mapper.FileDetailMapper.findFileDetail - <==      Total: 1
2021-01-04 10:32:23.479 [http-nio-11224-exec-5] DEBUG c.j.mapper.UserMapper.findUserByNameAndPassword - ==>  Preparing: select * from user where username=? and password=? limit 1 
2021-01-04 10:32:23.480 [http-nio-11224-exec-5] DEBUG c.j.mapper.UserMapper.findUserByNameAndPassword - ==> Parameters: jinguizi(String), 123456(String)
2021-01-04 10:32:23.482 [http-nio-11224-exec-5] DEBUG c.j.mapper.UserMapper.findUserByNameAndPassword - <==      Total: 1
2021-01-04 10:32:23.488 [http-nio-11224-exec-5] DEBUG com.jinguizi.mapper.UserMapper.findUserById - ==>  Preparing: select * from user where id=? 
2021-01-04 10:32:23.488 [http-nio-11224-exec-5] DEBUG com.jinguizi.mapper.UserMapper.findUserById - ==> Parameters: 1(Integer)
2021-01-04 10:32:23.490 [http-nio-11224-exec-5] DEBUG com.jinguizi.mapper.UserMapper.findUserById - <==      Total: 1
2021-01-04 10:32:23.490 [http-nio-11224-exec-5] DEBUG com.jinguizi.mapper.SysLogMapper.saveSysLog - ==>  Preparing: insert into syslog values (null,?,?,?,?,?,?) 
2021-01-04 10:32:23.491 [http-nio-11224-exec-5] DEBUG com.jinguizi.mapper.SysLogMapper.saveSysLog - ==> Parameters: jinguizi(String), 登录了---null(String), com.jinguizi.controller.UserController.findUserByNameAndPassword()(String),   user: User{id=null, username='jinguizi', password='123456'}  session: org.apache.catalina.session.StandardSessionFacade@4385cdb0(String), 192.168.124.40(String), 2021-01-04 10:32:23.49(Timestamp)
2021-01-04 10:32:23.497 [http-nio-11224-exec-5] DEBUG com.jinguizi.mapper.SysLogMapper.saveSysLog - <==    Updates: 1
2021-01-04 10:32:23.745 [http-nio-11224-exec-8] DEBUG com.jinguizi.mapper.StatMapper.modelPlanCount - ==>  Preparing: select a.click_date as dateTime,IFNULL(b.count,0) as count from ( SELECT curdate() as click_date union all SELECT date_sub(curdate(), interval 1 day) as click_date union all SELECT date_sub(curdate(), interval 2 day) as click_date union all SELECT date_sub(curdate(), interval 3 day) as click_date union all SELECT date_sub(curdate(), interval 4 day) as click_date union all SELECT date_sub(curdate(), interval 5 day) as click_date union all SELECT date_sub(curdate(), interval 6 day) as click_date ) a left join ( select date(group_time) as dateTime, count(*) as count from model_plan group by date(group_time) ) b on a.click_date = b.datetime order by a.click_date asc 
2021-01-04 10:32:23.745 [http-nio-11224-exec-8] DEBUG com.jinguizi.mapper.StatMapper.modelPlanCount - ==> Parameters: 
2021-01-04 10:32:23.752 [http-nio-11224-exec-8] DEBUG com.jinguizi.mapper.StatMapper.modelPlanCount - <==      Total: 7
2021-01-04 10:32:25.940 [http-nio-11224-exec-10] DEBUG c.j.m.ModelPlanMapper.findModelPlanByName_COUNT - ==>  Preparing: select count(0) from (select id,model_name modelName, push_time pushTime, data_type dataType, outbound_cost outboundCost, sms_cost smsCost, case when channel="" then "/" else channel end as channel, trigger_count triggerCount, income, register_count registerCount, operators_line operatorsLine, user_id userId, file_name fileName, group_time groupTime, send_success_count sendSuccessCount, data_count dataCount, connect_count connectCount from model_plan where 1=1 order by push_time desc) tmp_count 
2021-01-04 10:32:25.942 [http-nio-11224-exec-10] DEBUG c.j.m.ModelPlanMapper.findModelPlanByName_COUNT - ==> Parameters: 
2021-01-04 10:32:25.944 [http-nio-11224-exec-10] DEBUG c.j.m.ModelPlanMapper.findModelPlanByName_COUNT - <==      Total: 1
2021-01-04 10:32:25.945 [http-nio-11224-exec-10] DEBUG c.j.mapper.ModelPlanMapper.findModelPlanByName - ==>  Preparing: select id,model_name modelName, push_time pushTime, data_type dataType, outbound_cost outboundCost, sms_cost smsCost, case when channel="" then "/" else channel end as channel, trigger_count triggerCount, income, register_count registerCount, operators_line operatorsLine, user_id userId, file_name fileName, group_time groupTime, send_success_count sendSuccessCount, data_count dataCount, connect_count connectCount from model_plan where 1=1 order by push_time desc LIMIT ? 
2021-01-04 10:32:25.946 [http-nio-11224-exec-10] DEBUG c.j.mapper.ModelPlanMapper.findModelPlanByName - ==> Parameters: 50(Integer)
2021-01-04 10:32:25.951 [http-nio-11224-exec-10] DEBUG c.j.mapper.ModelPlanMapper.findModelPlanByName - <==      Total: 28
2021-01-04 10:32:27.967 [http-nio-11224-exec-1] DEBUG c.j.mapper.FileDetailMapper.findFileDetail_COUNT - ==>  Preparing: SELECT count(0) FROM file_detail f, user u WHERE f.user_id = u.id 
2021-01-04 10:32:27.968 [http-nio-11224-exec-1] DEBUG c.j.mapper.FileDetailMapper.findFileDetail_COUNT - ==> Parameters: 
2021-01-04 10:32:27.971 [http-nio-11224-exec-1] DEBUG c.j.mapper.FileDetailMapper.findFileDetail_COUNT - <==      Total: 1
2021-01-04 10:32:27.972 [http-nio-11224-exec-1] DEBUG c.jinguizi.mapper.FileDetailMapper.findFileDetail - ==>  Preparing: select file_name fileName, f.id id, upload_time uploadTime, count, u.username username from file_detail f,user u where f.user_id=u.id order by upload_time desc LIMIT ? 
2021-01-04 10:32:27.972 [http-nio-11224-exec-1] DEBUG c.jinguizi.mapper.FileDetailMapper.findFileDetail - ==> Parameters: 100(Integer)
2021-01-04 10:32:27.975 [http-nio-11224-exec-1] DEBUG c.jinguizi.mapper.FileDetailMapper.findFileDetail - <==      Total: 1
2021-01-04 10:32:29.064 [http-nio-11224-exec-2] DEBUG com.jinguizi.mapper.StatMapper.modelPlanCount - ==>  Preparing: select a.click_date as dateTime,IFNULL(b.count,0) as count from ( SELECT curdate() as click_date union all SELECT date_sub(curdate(), interval 1 day) as click_date union all SELECT date_sub(curdate(), interval 2 day) as click_date union all SELECT date_sub(curdate(), interval 3 day) as click_date union all SELECT date_sub(curdate(), interval 4 day) as click_date union all SELECT date_sub(curdate(), interval 5 day) as click_date union all SELECT date_sub(curdate(), interval 6 day) as click_date ) a left join ( select date(group_time) as dateTime, count(*) as count from model_plan group by date(group_time) ) b on a.click_date = b.datetime order by a.click_date asc 
2021-01-04 10:32:29.064 [http-nio-11224-exec-2] DEBUG com.jinguizi.mapper.StatMapper.modelPlanCount - ==> Parameters: 
2021-01-04 10:32:29.066 [http-nio-11224-exec-2] DEBUG com.jinguizi.mapper.StatMapper.modelPlanCount - <==      Total: 7
2021-01-04 10:32:29.987 [http-nio-11224-exec-3] DEBUG c.j.m.ModelPlanMapper.findModelPlanByName_COUNT - ==>  Preparing: select count(0) from (select id,model_name modelName, push_time pushTime, data_type dataType, outbound_cost outboundCost, sms_cost smsCost, case when channel="" then "/" else channel end as channel, trigger_count triggerCount, income, register_count registerCount, operators_line operatorsLine, user_id userId, file_name fileName, group_time groupTime, send_success_count sendSuccessCount, data_count dataCount, connect_count connectCount from model_plan where 1=1 order by push_time desc) tmp_count 
2021-01-04 10:32:29.988 [http-nio-11224-exec-3] DEBUG c.j.m.ModelPlanMapper.findModelPlanByName_COUNT - ==> Parameters: 
2021-01-04 10:32:29.990 [http-nio-11224-exec-3] DEBUG c.j.m.ModelPlanMapper.findModelPlanByName_COUNT - <==      Total: 1
2021-01-04 10:32:29.990 [http-nio-11224-exec-3] DEBUG c.j.mapper.ModelPlanMapper.findModelPlanByName - ==>  Preparing: select id,model_name modelName, push_time pushTime, data_type dataType, outbound_cost outboundCost, sms_cost smsCost, case when channel="" then "/" else channel end as channel, trigger_count triggerCount, income, register_count registerCount, operators_line operatorsLine, user_id userId, file_name fileName, group_time groupTime, send_success_count sendSuccessCount, data_count dataCount, connect_count connectCount from model_plan where 1=1 order by push_time desc LIMIT ? 
2021-01-04 10:32:29.991 [http-nio-11224-exec-3] DEBUG c.j.mapper.ModelPlanMapper.findModelPlanByName - ==> Parameters: 50(Integer)
2021-01-04 10:32:29.995 [http-nio-11224-exec-3] DEBUG c.j.mapper.ModelPlanMapper.findModelPlanByName - <==      Total: 28
2021-01-04 10:33:54.683 [http-nio-11224-exec-6] DEBUG c.j.m.ModelPlanMapper.findModelPlanByName_COUNT - ==>  Preparing: select count(0) from (select id,model_name modelName, push_time pushTime, data_type dataType, outbound_cost outboundCost, sms_cost smsCost, case when channel="" then "/" else channel end as channel, trigger_count triggerCount, income, register_count registerCount, operators_line operatorsLine, user_id userId, file_name fileName, group_time groupTime, send_success_count sendSuccessCount, data_count dataCount, connect_count connectCount from model_plan where 1=1 order by push_time desc) tmp_count 
2021-01-04 10:33:54.683 [http-nio-11224-exec-6] DEBUG c.j.m.ModelPlanMapper.findModelPlanByName_COUNT - ==> Parameters: 
2021-01-04 10:33:54.686 [http-nio-11224-exec-6] DEBUG c.j.m.ModelPlanMapper.findModelPlanByName_COUNT - <==      Total: 1
2021-01-04 10:33:54.686 [http-nio-11224-exec-6] DEBUG c.j.mapper.ModelPlanMapper.findModelPlanByName - ==>  Preparing: select id,model_name modelName, push_time pushTime, data_type dataType, outbound_cost outboundCost, sms_cost smsCost, case when channel="" then "/" else channel end as channel, trigger_count triggerCount, income, register_count registerCount, operators_line operatorsLine, user_id userId, file_name fileName, group_time groupTime, send_success_count sendSuccessCount, data_count dataCount, connect_count connectCount from model_plan where 1=1 order by push_time desc LIMIT ? 
2021-01-04 10:33:54.686 [http-nio-11224-exec-6] DEBUG c.j.mapper.ModelPlanMapper.findModelPlanByName - ==> Parameters: 50(Integer)
2021-01-04 10:33:54.689 [http-nio-11224-exec-6] DEBUG c.j.mapper.ModelPlanMapper.findModelPlanByName - <==      Total: 28
2021-01-04 10:50:55.950 [http-nio-11224-exec-7] DEBUG c.j.mapper.UserMapper.findUserByNameAndPassword - ==>  Preparing: select * from user where username=? and password=? limit 1 
2021-01-04 10:50:55.950 [http-nio-11224-exec-7] DEBUG c.j.mapper.UserMapper.findUserByNameAndPassword - ==> Parameters: jinguizi(String), 123456(String)
2021-01-04 10:50:55.952 [http-nio-11224-exec-7] DEBUG c.j.mapper.UserMapper.findUserByNameAndPassword - <==      Total: 1
2021-01-04 10:50:55.956 [http-nio-11224-exec-7] DEBUG com.jinguizi.mapper.UserMapper.findUserById - ==>  Preparing: select * from user where id=? 
2021-01-04 10:50:55.956 [http-nio-11224-exec-7] DEBUG com.jinguizi.mapper.UserMapper.findUserById - ==> Parameters: 1(Integer)
2021-01-04 10:50:55.957 [http-nio-11224-exec-7] DEBUG com.jinguizi.mapper.UserMapper.findUserById - <==      Total: 1
2021-01-04 10:50:55.958 [http-nio-11224-exec-7] DEBUG com.jinguizi.mapper.SysLogMapper.saveSysLog - ==>  Preparing: insert into syslog values (null,?,?,?,?,?,?) 
2021-01-04 10:50:55.958 [http-nio-11224-exec-7] DEBUG com.jinguizi.mapper.SysLogMapper.saveSysLog - ==> Parameters: jinguizi(String), 登录了---null(String), com.jinguizi.controller.UserController.findUserByNameAndPassword()(String),   user: User{id=null, username='jinguizi', password='123456'}  session: org.apache.catalina.session.StandardSessionFacade@65273c36(String), 192.168.124.40(String), 2021-01-04 10:50:55.958(Timestamp)
2021-01-04 10:50:55.964 [http-nio-11224-exec-7] DEBUG com.jinguizi.mapper.SysLogMapper.saveSysLog - <==    Updates: 1
2021-01-04 10:50:56.468 [http-nio-11224-exec-10] DEBUG com.jinguizi.mapper.StatMapper.modelPlanCount - ==>  Preparing: select a.click_date as dateTime,IFNULL(b.count,0) as count from ( SELECT curdate() as click_date union all SELECT date_sub(curdate(), interval 1 day) as click_date union all SELECT date_sub(curdate(), interval 2 day) as click_date union all SELECT date_sub(curdate(), interval 3 day) as click_date union all SELECT date_sub(curdate(), interval 4 day) as click_date union all SELECT date_sub(curdate(), interval 5 day) as click_date union all SELECT date_sub(curdate(), interval 6 day) as click_date ) a left join ( select date(group_time) as dateTime, count(*) as count from model_plan group by date(group_time) ) b on a.click_date = b.datetime order by a.click_date asc 
2021-01-04 10:50:56.468 [http-nio-11224-exec-10] DEBUG com.jinguizi.mapper.StatMapper.modelPlanCount - ==> Parameters: 
2021-01-04 10:50:56.470 [http-nio-11224-exec-10] DEBUG com.jinguizi.mapper.StatMapper.modelPlanCount - <==      Total: 7
2021-01-04 10:50:58.894 [http-nio-11224-exec-9] DEBUG c.j.m.ModelPlanMapper.findModelPlanByName_COUNT - ==>  Preparing: select count(0) from (select id,model_name modelName, push_time pushTime, data_type dataType, outbound_cost outboundCost, sms_cost smsCost, case when channel="" then "/" else channel end as channel, trigger_count triggerCount, income, register_count registerCount, operators_line operatorsLine, user_id userId, file_name fileName, group_time groupTime, send_success_count sendSuccessCount, data_count dataCount, connect_count connectCount from model_plan where 1=1 order by push_time desc) tmp_count 
2021-01-04 10:50:58.895 [http-nio-11224-exec-9] DEBUG c.j.m.ModelPlanMapper.findModelPlanByName_COUNT - ==> Parameters: 
2021-01-04 10:50:58.896 [http-nio-11224-exec-9] DEBUG c.j.m.ModelPlanMapper.findModelPlanByName_COUNT - <==      Total: 1
2021-01-04 10:50:58.897 [http-nio-11224-exec-9] DEBUG c.j.mapper.ModelPlanMapper.findModelPlanByName - ==>  Preparing: select id,model_name modelName, push_time pushTime, data_type dataType, outbound_cost outboundCost, sms_cost smsCost, case when channel="" then "/" else channel end as channel, trigger_count triggerCount, income, register_count registerCount, operators_line operatorsLine, user_id userId, file_name fileName, group_time groupTime, send_success_count sendSuccessCount, data_count dataCount, connect_count connectCount from model_plan where 1=1 order by push_time desc LIMIT ? 
2021-01-04 10:50:58.897 [http-nio-11224-exec-9] DEBUG c.j.mapper.ModelPlanMapper.findModelPlanByName - ==> Parameters: 50(Integer)
2021-01-04 10:50:58.901 [http-nio-11224-exec-9] DEBUG c.j.mapper.ModelPlanMapper.findModelPlanByName - <==      Total: 28
2021-01-04 10:51:03.775 [http-nio-11224-exec-1] DEBUG c.j.mapper.FileDetailMapper.findFileDetail_COUNT - ==>  Preparing: SELECT count(0) FROM file_detail f, user u WHERE f.user_id = u.id 
2021-01-04 10:51:03.776 [http-nio-11224-exec-1] DEBUG c.j.mapper.FileDetailMapper.findFileDetail_COUNT - ==> Parameters: 
2021-01-04 10:51:03.778 [http-nio-11224-exec-1] DEBUG c.j.mapper.FileDetailMapper.findFileDetail_COUNT - <==      Total: 1
2021-01-04 10:51:03.779 [http-nio-11224-exec-1] DEBUG c.jinguizi.mapper.FileDetailMapper.findFileDetail - ==>  Preparing: select file_name fileName, f.id id, upload_time uploadTime, count, u.username username from file_detail f,user u where f.user_id=u.id order by upload_time desc LIMIT ? 
2021-01-04 10:51:03.779 [http-nio-11224-exec-1] DEBUG c.jinguizi.mapper.FileDetailMapper.findFileDetail - ==> Parameters: 100(Integer)
2021-01-04 10:51:03.782 [http-nio-11224-exec-1] DEBUG c.jinguizi.mapper.FileDetailMapper.findFileDetail - <==      Total: 1
2021-01-04 10:51:05.694 [http-nio-11224-exec-2] DEBUG c.j.m.ModelPlanMapper.findModelPlanByName_COUNT - ==>  Preparing: select count(0) from (select id,model_name modelName, push_time pushTime, data_type dataType, outbound_cost outboundCost, sms_cost smsCost, case when channel="" then "/" else channel end as channel, trigger_count triggerCount, income, register_count registerCount, operators_line operatorsLine, user_id userId, file_name fileName, group_time groupTime, send_success_count sendSuccessCount, data_count dataCount, connect_count connectCount from model_plan where 1=1 order by push_time desc) tmp_count 
2021-01-04 10:51:05.694 [http-nio-11224-exec-2] DEBUG c.j.m.ModelPlanMapper.findModelPlanByName_COUNT - ==> Parameters: 
2021-01-04 10:51:05.696 [http-nio-11224-exec-2] DEBUG c.j.m.ModelPlanMapper.findModelPlanByName_COUNT - <==      Total: 1
2021-01-04 10:51:05.697 [http-nio-11224-exec-2] DEBUG c.j.mapper.ModelPlanMapper.findModelPlanByName - ==>  Preparing: select id,model_name modelName, push_time pushTime, data_type dataType, outbound_cost outboundCost, sms_cost smsCost, case when channel="" then "/" else channel end as channel, trigger_count triggerCount, income, register_count registerCount, operators_line operatorsLine, user_id userId, file_name fileName, group_time groupTime, send_success_count sendSuccessCount, data_count dataCount, connect_count connectCount from model_plan where 1=1 order by push_time desc LIMIT ? 
2021-01-04 10:51:05.697 [http-nio-11224-exec-2] DEBUG c.j.mapper.ModelPlanMapper.findModelPlanByName - ==> Parameters: 50(Integer)
2021-01-04 10:51:05.700 [http-nio-11224-exec-2] DEBUG c.j.mapper.ModelPlanMapper.findModelPlanByName - <==      Total: 28
2021-01-04 10:51:07.030 [http-nio-11224-exec-3] DEBUG com.jinguizi.mapper.StatMapper.modelPlanCount - ==>  Preparing: select a.click_date as dateTime,IFNULL(b.count,0) as count from ( SELECT curdate() as click_date union all SELECT date_sub(curdate(), interval 1 day) as click_date union all SELECT date_sub(curdate(), interval 2 day) as click_date union all SELECT date_sub(curdate(), interval 3 day) as click_date union all SELECT date_sub(curdate(), interval 4 day) as click_date union all SELECT date_sub(curdate(), interval 5 day) as click_date union all SELECT date_sub(curdate(), interval 6 day) as click_date ) a left join ( select date(group_time) as dateTime, count(*) as count from model_plan group by date(group_time) ) b on a.click_date = b.datetime order by a.click_date asc 
2021-01-04 10:51:07.031 [http-nio-11224-exec-3] DEBUG com.jinguizi.mapper.StatMapper.modelPlanCount - ==> Parameters: 
2021-01-04 10:51:07.034 [http-nio-11224-exec-3] DEBUG com.jinguizi.mapper.StatMapper.modelPlanCount - <==      Total: 7
2021-01-04 10:51:35.120 [http-nio-11224-exec-4] DEBUG c.j.m.ModelPlanMapper.findModelPlanByName_COUNT - ==>  Preparing: select count(0) from (select id,model_name modelName, push_time pushTime, data_type dataType, outbound_cost outboundCost, sms_cost smsCost, case when channel="" then "/" else channel end as channel, trigger_count triggerCount, income, register_count registerCount, operators_line operatorsLine, user_id userId, file_name fileName, group_time groupTime, send_success_count sendSuccessCount, data_count dataCount, connect_count connectCount from model_plan where 1=1 order by push_time desc) tmp_count 
2021-01-04 10:51:35.121 [http-nio-11224-exec-4] DEBUG c.j.m.ModelPlanMapper.findModelPlanByName_COUNT - ==> Parameters: 
2021-01-04 10:51:35.123 [http-nio-11224-exec-4] DEBUG c.j.m.ModelPlanMapper.findModelPlanByName_COUNT - <==      Total: 1
2021-01-04 10:51:35.125 [http-nio-11224-exec-4] DEBUG c.j.mapper.ModelPlanMapper.findModelPlanByName - ==>  Preparing: select id,model_name modelName, push_time pushTime, data_type dataType, outbound_cost outboundCost, sms_cost smsCost, case when channel="" then "/" else channel end as channel, trigger_count triggerCount, income, register_count registerCount, operators_line operatorsLine, user_id userId, file_name fileName, group_time groupTime, send_success_count sendSuccessCount, data_count dataCount, connect_count connectCount from model_plan where 1=1 order by push_time desc LIMIT ? 
2021-01-04 10:51:35.125 [http-nio-11224-exec-4] DEBUG c.j.mapper.ModelPlanMapper.findModelPlanByName - ==> Parameters: 50(Integer)
2021-01-04 10:51:35.132 [http-nio-11224-exec-4] DEBUG c.j.mapper.ModelPlanMapper.findModelPlanByName - <==      Total: 28
2021-01-04 10:51:40.286 [http-nio-11224-exec-5] DEBUG c.j.mapper.FileDetailMapper.findFileDetail_COUNT - ==>  Preparing: SELECT count(0) FROM file_detail f, user u WHERE f.user_id = u.id 
2021-01-04 10:51:40.287 [http-nio-11224-exec-5] DEBUG c.j.mapper.FileDetailMapper.findFileDetail_COUNT - ==> Parameters: 
2021-01-04 10:51:40.290 [http-nio-11224-exec-5] DEBUG c.j.mapper.FileDetailMapper.findFileDetail_COUNT - <==      Total: 1
2021-01-04 10:51:40.291 [http-nio-11224-exec-5] DEBUG c.jinguizi.mapper.FileDetailMapper.findFileDetail - ==>  Preparing: select file_name fileName, f.id id, upload_time uploadTime, count, u.username username from file_detail f,user u where f.user_id=u.id order by upload_time desc LIMIT ? 
2021-01-04 10:51:40.292 [http-nio-11224-exec-5] DEBUG c.jinguizi.mapper.FileDetailMapper.findFileDetail - ==> Parameters: 100(Integer)
2021-01-04 10:51:40.295 [http-nio-11224-exec-5] DEBUG c.jinguizi.mapper.FileDetailMapper.findFileDetail - <==      Total: 1
2021-01-04 11:10:09.712 [http-nio-11224-exec-8] DEBUG c.j.mapper.UserMapper.findUserByNameAndPassword - ==>  Preparing: select * from user where username=? and password=? limit 1 
2021-01-04 11:10:09.713 [http-nio-11224-exec-8] DEBUG c.j.mapper.UserMapper.findUserByNameAndPassword - ==> Parameters: jinguizi(String), 123456(String)
2021-01-04 11:10:09.715 [http-nio-11224-exec-8] DEBUG c.j.mapper.UserMapper.findUserByNameAndPassword - <==      Total: 1
2021-01-04 11:10:09.719 [http-nio-11224-exec-8] DEBUG com.jinguizi.mapper.UserMapper.findUserById - ==>  Preparing: select * from user where id=? 
2021-01-04 11:10:09.720 [http-nio-11224-exec-8] DEBUG com.jinguizi.mapper.UserMapper.findUserById - ==> Parameters: 1(Integer)
2021-01-04 11:10:09.722 [http-nio-11224-exec-8] DEBUG com.jinguizi.mapper.UserMapper.findUserById - <==      Total: 1
2021-01-04 11:10:09.722 [http-nio-11224-exec-8] DEBUG com.jinguizi.mapper.SysLogMapper.saveSysLog - ==>  Preparing: insert into syslog values (null,?,?,?,?,?,?) 
2021-01-04 11:10:09.723 [http-nio-11224-exec-8] DEBUG com.jinguizi.mapper.SysLogMapper.saveSysLog - ==> Parameters: jinguizi(String), 登录了---null(String), com.jinguizi.controller.UserController.findUserByNameAndPassword()(String),   user: User{id=null, username='jinguizi', password='123456'}  session: org.apache.catalina.session.StandardSessionFacade@5a797538(String), 192.168.124.40(String), 2021-01-04 11:10:09.722(Timestamp)
2021-01-04 11:10:09.728 [http-nio-11224-exec-8] DEBUG com.jinguizi.mapper.SysLogMapper.saveSysLog - <==    Updates: 1
2021-01-04 11:10:10.143 [http-nio-11224-exec-7] DEBUG com.jinguizi.mapper.StatMapper.modelPlanCount - ==>  Preparing: select a.click_date as dateTime,IFNULL(b.count,0) as count from ( SELECT curdate() as click_date union all SELECT date_sub(curdate(), interval 1 day) as click_date union all SELECT date_sub(curdate(), interval 2 day) as click_date union all SELECT date_sub(curdate(), interval 3 day) as click_date union all SELECT date_sub(curdate(), interval 4 day) as click_date union all SELECT date_sub(curdate(), interval 5 day) as click_date union all SELECT date_sub(curdate(), interval 6 day) as click_date ) a left join ( select date(group_time) as dateTime, count(*) as count from model_plan group by date(group_time) ) b on a.click_date = b.datetime order by a.click_date asc 
2021-01-04 11:10:10.143 [http-nio-11224-exec-7] DEBUG com.jinguizi.mapper.StatMapper.modelPlanCount - ==> Parameters: 
2021-01-04 11:10:10.145 [http-nio-11224-exec-7] DEBUG com.jinguizi.mapper.StatMapper.modelPlanCount - <==      Total: 7
2021-01-04 11:10:13.738 [http-nio-11224-exec-10] DEBUG c.j.m.ModelPlanMapper.findModelPlanByName_COUNT - ==>  Preparing: select count(0) from (select id,model_name modelName, push_time pushTime, data_type dataType, outbound_cost outboundCost, sms_cost smsCost, case when channel="" then "/" else channel end as channel, trigger_count triggerCount, income, register_count registerCount, operators_line operatorsLine, user_id userId, file_name fileName, group_time groupTime, send_success_count sendSuccessCount, data_count dataCount, connect_count connectCount from model_plan where 1=1 order by push_time desc) tmp_count 
2021-01-04 11:10:13.738 [http-nio-11224-exec-10] DEBUG c.j.m.ModelPlanMapper.findModelPlanByName_COUNT - ==> Parameters: 
2021-01-04 11:10:13.740 [http-nio-11224-exec-10] DEBUG c.j.m.ModelPlanMapper.findModelPlanByName_COUNT - <==      Total: 1
2021-01-04 11:10:13.741 [http-nio-11224-exec-10] DEBUG c.j.mapper.ModelPlanMapper.findModelPlanByName - ==>  Preparing: select id,model_name modelName, push_time pushTime, data_type dataType, outbound_cost outboundCost, sms_cost smsCost, case when channel="" then "/" else channel end as channel, trigger_count triggerCount, income, register_count registerCount, operators_line operatorsLine, user_id userId, file_name fileName, group_time groupTime, send_success_count sendSuccessCount, data_count dataCount, connect_count connectCount from model_plan where 1=1 order by push_time desc LIMIT ? 
2021-01-04 11:10:13.742 [http-nio-11224-exec-10] DEBUG c.j.mapper.ModelPlanMapper.findModelPlanByName - ==> Parameters: 50(Integer)
2021-01-04 11:10:13.745 [http-nio-11224-exec-10] DEBUG c.j.mapper.ModelPlanMapper.findModelPlanByName - <==      Total: 28
2021-01-04 11:10:15.321 [http-nio-11224-exec-9] DEBUG c.j.mapper.FileDetailMapper.findFileDetail_COUNT - ==>  Preparing: SELECT count(0) FROM file_detail f, user u WHERE f.user_id = u.id 
2021-01-04 11:10:15.321 [http-nio-11224-exec-9] DEBUG c.j.mapper.FileDetailMapper.findFileDetail_COUNT - ==> Parameters: 
2021-01-04 11:10:15.323 [http-nio-11224-exec-9] DEBUG c.j.mapper.FileDetailMapper.findFileDetail_COUNT - <==      Total: 1
2021-01-04 11:10:15.323 [http-nio-11224-exec-9] DEBUG c.jinguizi.mapper.FileDetailMapper.findFileDetail - ==>  Preparing: select file_name fileName, f.id id, upload_time uploadTime, count, u.username username from file_detail f,user u where f.user_id=u.id order by upload_time desc LIMIT ? 
2021-01-04 11:10:15.323 [http-nio-11224-exec-9] DEBUG c.jinguizi.mapper.FileDetailMapper.findFileDetail - ==> Parameters: 100(Integer)
2021-01-04 11:10:15.324 [http-nio-11224-exec-9] DEBUG c.jinguizi.mapper.FileDetailMapper.findFileDetail - <==      Total: 1
2021-01-04 11:10:16.948 [http-nio-11224-exec-1] DEBUG c.j.m.ModelPlanMapper.findModelPlanByName_COUNT - ==>  Preparing: select count(0) from (select id,model_name modelName, push_time pushTime, data_type dataType, outbound_cost outboundCost, sms_cost smsCost, case when channel="" then "/" else channel end as channel, trigger_count triggerCount, income, register_count registerCount, operators_line operatorsLine, user_id userId, file_name fileName, group_time groupTime, send_success_count sendSuccessCount, data_count dataCount, connect_count connectCount from model_plan where 1=1 order by push_time desc) tmp_count 
2021-01-04 11:10:16.949 [http-nio-11224-exec-1] DEBUG c.j.m.ModelPlanMapper.findModelPlanByName_COUNT - ==> Parameters: 
2021-01-04 11:10:16.951 [http-nio-11224-exec-1] DEBUG c.j.m.ModelPlanMapper.findModelPlanByName_COUNT - <==      Total: 1
2021-01-04 11:10:16.951 [http-nio-11224-exec-1] DEBUG c.j.mapper.ModelPlanMapper.findModelPlanByName - ==>  Preparing: select id,model_name modelName, push_time pushTime, data_type dataType, outbound_cost outboundCost, sms_cost smsCost, case when channel="" then "/" else channel end as channel, trigger_count triggerCount, income, register_count registerCount, operators_line operatorsLine, user_id userId, file_name fileName, group_time groupTime, send_success_count sendSuccessCount, data_count dataCount, connect_count connectCount from model_plan where 1=1 order by push_time desc LIMIT ? 
2021-01-04 11:10:16.952 [http-nio-11224-exec-1] DEBUG c.j.mapper.ModelPlanMapper.findModelPlanByName - ==> Parameters: 50(Integer)
2021-01-04 11:10:16.957 [http-nio-11224-exec-1] DEBUG c.j.mapper.ModelPlanMapper.findModelPlanByName - <==      Total: 28
